-------------------------------------------------------------------------------
Test set: com.StockExchange.ClientAndStockTests
-------------------------------------------------------------------------------
Tests run: 2, Failures: 0, Errors: 1, Skipped: 0, Time elapsed: 4.258 s <<< FAILURE! - in com.StockExchange.ClientAndStockTests
testAPINewClient(com.StockExchange.ClientAndStockTests)  Time elapsed: 3.744 s  <<< ERROR!
java.net.ConnectException: Connection refused: connect
	at com.StockExchange.ClientAndStockTests.testAPINewClient(ClientAndStockTests.java:65)

