-------------------------------------------------------------------------------
Test set: com.StockExchange.StockExchangeUnitTest
-------------------------------------------------------------------------------
Tests run: 1, Failures: 1, Errors: 0, Skipped: 0, Time elapsed: 0.068 s <<< FAILURE! - in com.StockExchange.StockExchangeUnitTest
warning(junit.framework.TestSuite$1)  Time elapsed: 0.022 s  <<< FAILURE!
junit.framework.AssertionFailedError: No tests found in com.StockExchange.StockExchangeUnitTest
	at junit.framework.TestSuite$1.runTest(TestSuite.java:97)

